<?xml version="1.0" encoding="UTF-8"?>
<coverage generated="1693481851163" clover="3.2.0">
  <project timestamp="1693481851164" name="All files">
    <metrics statements="50" coveredstatements="32" conditionals="24" coveredconditionals="12" methods="20" coveredmethods="12" elements="94" coveredelements="56" complexity="0" loc="50" ncloc="50" packages="9" files="9" classes="9"/>
    <package name="src">
      <metrics statements="4" coveredstatements="2" conditionals="6" coveredconditionals="3" methods="3" coveredmethods="1"/>
      <file name="App.tsx" path="C:\Users\S0128307\battleship\src\App.tsx">
        <metrics statements="4" coveredstatements="2" conditionals="6" coveredconditionals="3" methods="3" coveredmethods="1"/>
        <line num="12" count="3" type="stmt"/>
        <line num="13" count="3" type="stmt"/>
        <line num="20" count="0" type="stmt"/>
        <line num="38" count="0" type="stmt"/>
      </file>
    </package>
    <package name="src.components.game">
      <metrics statements="2" coveredstatements="2" conditionals="0" coveredconditionals="0" methods="2" coveredmethods="2"/>
      <file name="Game.tsx" path="C:\Users\S0128307\battleship\src\components\game\Game.tsx">
        <metrics statements="2" coveredstatements="2" conditionals="0" coveredconditionals="0" methods="2" coveredmethods="2"/>
        <line num="8" count="1" type="stmt"/>
        <line num="15" count="5" type="stmt"/>
      </file>
    </package>
    <package name="src.components.game.board">
      <metrics statements="13" coveredstatements="6" conditionals="4" coveredconditionals="0" methods="5" coveredmethods="2"/>
      <file name="Board.tsx" path="C:\Users\S0128307\battleship\src\components\game\board\Board.tsx">
        <metrics statements="13" coveredstatements="6" conditionals="4" coveredconditionals="0" methods="5" coveredmethods="2"/>
        <line num="12" count="2" type="stmt"/>
        <line num="13" count="2" type="stmt"/>
        <line num="14" count="2" type="stmt"/>
        <line num="15" count="0" type="stmt"/>
        <line num="16" count="0" type="cond" truecount="0" falsecount="2"/>
        <line num="17" count="0" type="stmt"/>
        <line num="19" count="0" type="stmt"/>
        <line num="21" count="2" type="stmt"/>
        <line num="22" count="0" type="stmt"/>
        <line num="23" count="0" type="stmt"/>
        <line num="26" count="2" type="stmt"/>
        <line num="29" count="200" type="stmt"/>
        <line num="32" count="0" type="cond" truecount="0" falsecount="2"/>
      </file>
    </package>
    <package name="src.components.game.board.end-dialog">
      <metrics statements="3" coveredstatements="1" conditionals="0" coveredconditionals="0" methods="3" coveredmethods="1"/>
      <file name="EndDialog.tsx" path="C:\Users\S0128307\battleship\src\components\game\board\end-dialog\EndDialog.tsx">
        <metrics statements="3" coveredstatements="1" conditionals="0" coveredconditionals="0" methods="3" coveredmethods="1"/>
        <line num="7" count="3" type="stmt"/>
        <line num="8" count="0" type="stmt"/>
        <line num="18" count="0" type="stmt"/>
      </file>
    </package>
    <package name="src.components.game.board.piece">
      <metrics statements="1" coveredstatements="1" conditionals="4" coveredconditionals="3" methods="1" coveredmethods="1"/>
      <file name="Piece.tsx" path="C:\Users\S0128307\battleship\src\components\game\board\piece\Piece.tsx">
        <metrics statements="1" coveredstatements="1" conditionals="4" coveredconditionals="3" methods="1" coveredmethods="1"/>
        <line num="4" count="201" type="stmt"/>
      </file>
    </package>
    <package name="src.components.game.ship-item">
      <metrics statements="5" coveredstatements="5" conditionals="0" coveredconditionals="0" methods="2" coveredmethods="2"/>
      <file name="ShipItem.tsx" path="C:\Users\S0128307\battleship\src\components\game\ship-item\ShipItem.tsx">
        <metrics statements="5" coveredstatements="5" conditionals="0" coveredconditionals="0" methods="2" coveredmethods="2"/>
        <line num="8" count="6" type="stmt"/>
        <line num="24" count="6" type="stmt"/>
        <line num="25" count="6" type="stmt"/>
        <line num="26" count="17" type="stmt"/>
        <line num="31" count="6" type="stmt"/>
      </file>
    </package>
    <package name="src.constants">
      <metrics statements="14" coveredstatements="14" conditionals="6" coveredconditionals="6" methods="3" coveredmethods="3"/>
      <file name="constants.ts" path="C:\Users\S0128307\battleship\src\constants\constants.ts">
        <metrics statements="14" coveredstatements="14" conditionals="6" coveredconditionals="6" methods="3" coveredmethods="3"/>
        <line num="3" count="3" type="stmt"/>
        <line num="28" count="3" type="stmt"/>
        <line num="82" count="3" type="stmt"/>
        <line num="83" count="3" type="stmt"/>
        <line num="84" count="3" type="stmt"/>
        <line num="85" count="300" type="stmt"/>
        <line num="86" count="300" type="cond" truecount="2" falsecount="0"/>
        <line num="87" count="300" type="cond" truecount="2" falsecount="0"/>
        <line num="88" count="300" type="stmt"/>
        <line num="89" count="1377" type="stmt"/>
        <line num="90" count="4692" type="cond" truecount="2" falsecount="0"/>
        <line num="93" count="300" type="stmt"/>
        <line num="95" count="3" type="stmt"/>
        <line num="97" count="3" type="stmt"/>
      </file>
    </package>
    <package name="src.mocks">
      <metrics statements="1" coveredstatements="1" conditionals="0" coveredconditionals="0" methods="0" coveredmethods="0"/>
      <file name="style.cjs" path="C:\Users\S0128307\battleship\src\mocks\style.cjs">
        <metrics statements="1" coveredstatements="1" conditionals="0" coveredconditionals="0" methods="0" coveredmethods="0"/>
        <line num="1" count="5" type="stmt"/>
      </file>
    </package>
    <package name="src.utils">
      <metrics statements="7" coveredstatements="0" conditionals="4" coveredconditionals="0" methods="1" coveredmethods="0"/>
      <file name="BattleshipUtil.ts" path="C:\Users\S0128307\battleship\src\utils\BattleshipUtil.ts">
        <metrics statements="7" coveredstatements="0" conditionals="4" coveredconditionals="0" methods="1" coveredmethods="0"/>
        <line num="5" count="0" type="stmt"/>
        <line num="6" count="0" type="stmt"/>
        <line num="7" count="0" type="stmt"/>
        <line num="8" count="0" type="stmt"/>
        <line num="9" count="0" type="cond" truecount="0" falsecount="2"/>
        <line num="10" count="0" type="cond" truecount="0" falsecount="2"/>
        <line num="13" count="0" type="stmt"/>
      </file>
    </package>
  </project>
</coverage>
