{"C:\\Users\\S0128307\\battleship\\src\\App.tsx": {"path":"C:\\Users\\S0128307\\battleship\\src\\App.tsx","statementMap":{"0":{"start":{"line":12,"column":34},"end":{"line":12,"column":49}},"1":{"start":{"line":13,"column":2},"end":{"line":42,"column":3}},"2":{"start":{"line":20,"column":29},"end":{"line":20,"column":46}},"3":{"start":{"line":38,"column":51},"end":{"line":38,"column":67}}},"fnMap":{"0":{"name":"App","decl":{"start":{"line":11,"column":24},"end":{"line":11,"column":27}},"loc":{"start":{"line":11,"column":30},"end":{"line":43,"column":1}},"line":11},"1":{"name":"(anonymous_1)","decl":{"start":{"line":20,"column":23},"end":{"line":20,"column":24}},"loc":{"start":{"line":20,"column":29},"end":{"line":20,"column":46}},"line":20},"2":{"name":"(anonymous_2)","decl":{"start":{"line":38,"column":45},"end":{"line":38,"column":46}},"loc":{"start":{"line":38,"column":51},"end":{"line":38,"column":67}},"line":38}},"branchMap":{"0":{"loc":{"start":{"line":18,"column":13},"end":{"line":26,"column":27}},"type":"binary-expr","locations":[{"start":{"line":18,"column":13},"end":{"line":18,"column":22}},{"start":{"line":19,"column":14},"end":{"line":26,"column":27}}],"line":18},"1":{"loc":{"start":{"line":29,"column":63},"end":{"line":29,"column":92}},"type":"cond-expr","locations":[{"start":{"line":29,"column":75},"end":{"line":29,"column":87}},{"start":{"line":29,"column":90},"end":{"line":29,"column":92}}],"line":29},"2":{"loc":{"start":{"line":37,"column":7},"end":{"line":39,"column":12}},"type":"cond-expr","locations":[{"start":{"line":37,"column":19},"end":{"line":37,"column":32}},{"start":{"line":37,"column":35},"end":{"line":39,"column":12}}],"line":37}},"s":{"0":3,"1":3,"2":0,"3":0},"f":{"0":3,"1":0,"2":0},"b":{"0":[3,0],"1":[0,3],"2":[0,3]},"_coverageSchema":"1a1c01bbd47fc00a2c39e90264f33305004495a9","hash":"4fadf4e2f96dd5f13ddcba71266639d434f8673b"}
,"C:\\Users\\S0128307\\battleship\\src\\components\\game\\Game.tsx": {"path":"C:\\Users\\S0128307\\battleship\\src\\components\\game\\Game.tsx","statementMap":{"0":{"start":{"line":8,"column":2},"end":{"line":21,"column":8}},"1":{"start":{"line":15,"column":14},"end":{"line":15,"column":57}}},"fnMap":{"0":{"name":"Game","decl":{"start":{"line":7,"column":24},"end":{"line":7,"column":28}},"loc":{"start":{"line":7,"column":31},"end":{"line":22,"column":1}},"line":7},"1":{"name":"(anonymous_1)","decl":{"start":{"line":14,"column":29},"end":{"line":14,"column":30}},"loc":{"start":{"line":15,"column":14},"end":{"line":15,"column":57}},"line":15}},"branchMap":{},"s":{"0":1,"1":5},"f":{"0":1,"1":5},"b":{},"_coverageSchema":"1a1c01bbd47fc00a2c39e90264f33305004495a9","hash":"588dd0c767a4fa164c9c8d0b73c71ccba0bac08e"}
,"C:\\Users\\S0128307\\battleship\\src\\components\\game\\board\\Board.tsx": {"path":"C:\\Users\\S0128307\\battleship\\src\\components\\game\\board\\Board.tsx","statementMap":{"0":{"start":{"line":12,"column":8},"end":{"line":12,"column":76}},"1":{"start":{"line":13,"column":40},"end":{"line":13,"column":55}},"2":{"start":{"line":14,"column":24},"end":{"line":20,"column":5}},"3":{"start":{"line":15,"column":8},"end":{"line":15,"column":32}},"4":{"start":{"line":16,"column":8},"end":{"line":18,"column":9}},"5":{"start":{"line":17,"column":12},"end":{"line":17,"column":32}},"6":{"start":{"line":19,"column":8},"end":{"line":19,"column":46}},"7":{"start":{"line":21,"column":20},"end":{"line":24,"column":28}},"8":{"start":{"line":22,"column":8},"end":{"line":22,"column":29}},"9":{"start":{"line":23,"column":8},"end":{"line":23,"column":81}},"10":{"start":{"line":26,"column":4},"end":{"line":41,"column":9}},"11":{"start":{"line":29,"column":16},"end":{"line":36,"column":22}},"12":{"start":{"line":32,"column":35},"end":{"line":32,"column":77}}},"fnMap":{"0":{"name":"Board","decl":{"start":{"line":10,"column":24},"end":{"line":10,"column":29}},"loc":{"start":{"line":10,"column":32},"end":{"line":42,"column":1}},"line":10},"1":{"name":"(anonymous_1)","decl":{"start":{"line":14,"column":24},"end":{"line":14,"column":25}},"loc":{"start":{"line":14,"column":48},"end":{"line":20,"column":5}},"line":14},"2":{"name":"(anonymous_2)","decl":{"start":{"line":21,"column":21},"end":{"line":21,"column":22}},"loc":{"start":{"line":21,"column":27},"end":{"line":24,"column":5}},"line":21},"3":{"name":"(anonymous_3)","decl":{"start":{"line":28,"column":27},"end":{"line":28,"column":28}},"loc":{"start":{"line":29,"column":16},"end":{"line":36,"column":22}},"line":29},"4":{"name":"(anonymous_4)","decl":{"start":{"line":32,"column":29},"end":{"line":32,"column":30}},"loc":{"start":{"line":32,"column":35},"end":{"line":32,"column":77}},"line":32}},"branchMap":{"0":{"loc":{"start":{"line":16,"column":8},"end":{"line":18,"column":9}},"type":"if","locations":[{"start":{"line":16,"column":8},"end":{"line":18,"column":9}},{"start":{},"end":{}}],"line":16},"1":{"loc":{"start":{"line":32,"column":35},"end":{"line":32,"column":77}},"type":"binary-expr","locations":[{"start":{"line":32,"column":35},"end":{"line":32,"column":52}},{"start":{"line":32,"column":56},"end":{"line":32,"column":77}}],"line":32}},"s":{"0":2,"1":2,"2":2,"3":0,"4":0,"5":0,"6":0,"7":2,"8":0,"9":0,"10":2,"11":200,"12":0},"f":{"0":2,"1":0,"2":0,"3":200,"4":0},"b":{"0":[0,0],"1":[0,0]},"_coverageSchema":"1a1c01bbd47fc00a2c39e90264f33305004495a9","hash":"f6ef9f6e2c8a701f01d0f3a4a98c43c8ef94de75"}
,"C:\\Users\\S0128307\\battleship\\src\\components\\game\\board\\end-dialog\\EndDialog.tsx": {"path":"C:\\Users\\S0128307\\battleship\\src\\components\\game\\board\\end-dialog\\EndDialog.tsx","statementMap":{"0":{"start":{"line":7,"column":4},"end":{"line":24,"column":7}},"1":{"start":{"line":8,"column":50},"end":{"line":8,"column":66}},"2":{"start":{"line":18,"column":35},"end":{"line":18,"column":51}}},"fnMap":{"0":{"name":"EndDialog","decl":{"start":{"line":6,"column":24},"end":{"line":6,"column":33}},"loc":{"start":{"line":6,"column":82},"end":{"line":25,"column":1}},"line":6},"1":{"name":"(anonymous_1)","decl":{"start":{"line":8,"column":44},"end":{"line":8,"column":45}},"loc":{"start":{"line":8,"column":50},"end":{"line":8,"column":66}},"line":8},"2":{"name":"(anonymous_2)","decl":{"start":{"line":18,"column":29},"end":{"line":18,"column":30}},"loc":{"start":{"line":18,"column":35},"end":{"line":18,"column":51}},"line":18}},"branchMap":{},"s":{"0":3,"1":0,"2":0},"f":{"0":3,"1":0,"2":0},"b":{},"_coverageSchema":"1a1c01bbd47fc00a2c39e90264f33305004495a9","hash":"62b9969d41008bcf183768576312f5a32343155e"}
,"C:\\Users\\S0128307\\battleship\\src\\components\\game\\board\\piece\\Piece.tsx": {"path":"C:\\Users\\S0128307\\battleship\\src\\components\\game\\board\\piece\\Piece.tsx","statementMap":{"0":{"start":{"line":4,"column":2},"end":{"line":17,"column":7}}},"fnMap":{"0":{"name":"Piece","decl":{"start":{"line":3,"column":24},"end":{"line":3,"column":29}},"loc":{"start":{"line":3,"column":81},"end":{"line":18,"column":1}},"line":3}},"branchMap":{"0":{"loc":{"start":{"line":6,"column":7},"end":{"line":15,"column":9}},"type":"binary-expr","locations":[{"start":{"line":6,"column":7},"end":{"line":6,"column":20}},{"start":{"line":6,"column":24},"end":{"line":15,"column":9}}],"line":6},"1":{"loc":{"start":{"line":7,"column":9},"end":{"line":13,"column":11}},"type":"cond-expr","locations":[{"start":{"line":8,"column":8},"end":{"line":10,"column":11}},{"start":{"line":11,"column":8},"end":{"line":13,"column":11}}],"line":7}},"s":{"0":201},"f":{"0":201},"b":{"0":[201,1],"1":[0,1]},"_coverageSchema":"1a1c01bbd47fc00a2c39e90264f33305004495a9","hash":"ea74af965d85317d8ef084574267bdd5e38db8c2"}
,"C:\\Users\\S0128307\\battleship\\src\\components\\game\\ship-item\\ShipItem.tsx": {"path":"C:\\Users\\S0128307\\battleship\\src\\components\\game\\ship-item\\ShipItem.tsx","statementMap":{"0":{"start":{"line":8,"column":4},"end":{"line":20,"column":8}},"1":{"start":{"line":24,"column":17},"end":{"line":24,"column":19}},"2":{"start":{"line":25,"column":4},"end":{"line":30,"column":5}},"3":{"start":{"line":25,"column":17},"end":{"line":25,"column":18}},"4":{"start":{"line":26,"column":8},"end":{"line":29,"column":10}},"5":{"start":{"line":31,"column":4},"end":{"line":31,"column":25}}},"fnMap":{"0":{"name":"ShipItem","decl":{"start":{"line":7,"column":24},"end":{"line":7,"column":32}},"loc":{"start":{"line":7,"column":71},"end":{"line":21,"column":1}},"line":7},"1":{"name":"getHits","decl":{"start":{"line":23,"column":9},"end":{"line":23,"column":16}},"loc":{"start":{"line":23,"column":32},"end":{"line":32,"column":1}},"line":23}},"branchMap":{},"s":{"0":6,"1":6,"2":6,"3":6,"4":17,"5":6},"f":{"0":6,"1":6},"b":{},"_coverageSchema":"1a1c01bbd47fc00a2c39e90264f33305004495a9","hash":"d110b437df304231f52d0eae8b1d75658d575542"}
,"C:\\Users\\S0128307\\battleship\\src\\constants\\constants.ts": {"path":"C:\\Users\\S0128307\\battleship\\src\\constants\\constants.ts","statementMap":{"0":{"start":{"line":3,"column":43},"end":{"line":26,"column":1}},"1":{"start":{"line":28,"column":45},"end":{"line":80,"column":1}},"2":{"start":{"line":82,"column":24},"end":{"line":96,"column":1}},"3":{"start":{"line":83,"column":37},"end":{"line":83,"column":39}},"4":{"start":{"line":84,"column":2},"end":{"line":94,"column":3}},"5":{"start":{"line":84,"column":15},"end":{"line":84,"column":16}},"6":{"start":{"line":85,"column":20},"end":{"line":85,"column":29}},"7":{"start":{"line":86,"column":14},"end":{"line":86,"column":53}},"8":{"start":{"line":87,"column":14},"end":{"line":87,"column":52}},"9":{"start":{"line":88,"column":24},"end":{"line":92,"column":6}},"10":{"start":{"line":89,"column":6},"end":{"line":91,"column":8}},"11":{"start":{"line":90,"column":22},"end":{"line":90,"column":60}},"12":{"start":{"line":93,"column":4},"end":{"line":93,"column":63}},"13":{"start":{"line":95,"column":2},"end":{"line":95,"column":24}},"14":{"start":{"line":97,"column":44},"end":{"line":97,"column":61}}},"fnMap":{"0":{"name":"(anonymous_0)","decl":{"start":{"line":82,"column":24},"end":{"line":82,"column":25}},"loc":{"start":{"line":82,"column":42},"end":{"line":96,"column":1}},"line":82},"1":{"name":"(anonymous_1)","decl":{"start":{"line":88,"column":54},"end":{"line":88,"column":55}},"loc":{"start":{"line":88,"column":64},"end":{"line":92,"column":5}},"line":88},"2":{"name":"(anonymous_2)","decl":{"start":{"line":90,"column":8},"end":{"line":90,"column":9}},"loc":{"start":{"line":90,"column":22},"end":{"line":90,"column":60}},"line":90}},"branchMap":{"0":{"loc":{"start":{"line":86,"column":14},"end":{"line":86,"column":53}},"type":"cond-expr","locations":[{"start":{"line":86,"column":23},"end":{"line":86,"column":24}},{"start":{"line":86,"column":28},"end":{"line":86,"column":53}}],"line":86},"1":{"loc":{"start":{"line":87,"column":14},"end":{"line":87,"column":52}},"type":"cond-expr","locations":[{"start":{"line":87,"column":23},"end":{"line":87,"column":24}},{"start":{"line":87,"column":27},"end":{"line":87,"column":52}}],"line":87},"2":{"loc":{"start":{"line":90,"column":22},"end":{"line":90,"column":60}},"type":"binary-expr","locations":[{"start":{"line":90,"column":22},"end":{"line":90,"column":39}},{"start":{"line":90,"column":43},"end":{"line":90,"column":60}}],"line":90}},"s":{"0":3,"1":3,"2":3,"3":3,"4":3,"5":3,"6":300,"7":300,"8":300,"9":300,"10":1377,"11":4692,"12":300,"13":3,"14":3},"f":{"0":3,"1":1377,"2":4692},"b":{"0":[30,270],"1":[30,270],"2":[4692,453]},"_coverageSchema":"1a1c01bbd47fc00a2c39e90264f33305004495a9","hash":"5cc491a0185d2a449ee718eade1d7d15a8897d36"}
,"C:\\Users\\S0128307\\battleship\\src\\mocks\\style.cjs": {"path":"C:\\Users\\S0128307\\battleship\\src\\mocks\\style.cjs","statementMap":{"0":{"start":{"line":1,"column":0},"end":{"line":1,"column":20}}},"fnMap":{},"branchMap":{},"s":{"0":5},"f":{},"b":{},"inputSourceMap":null,"_coverageSchema":"1a1c01bbd47fc00a2c39e90264f33305004495a9","hash":"4b1d932fa471f183eca769eecf4bb5dc186124ad"}
,"C:\\Users\\S0128307\\battleship\\src\\utils\\BattleshipUtil.ts": {"path":"C:\\Users\\S0128307\\battleship\\src\\utils\\BattleshipUtil.ts","statementMap":{"0":{"start":{"line":5,"column":4},"end":{"line":12,"column":5}},"1":{"start":{"line":6,"column":8},"end":{"line":11,"column":9}},"2":{"start":{"line":7,"column":22},"end":{"line":7,"column":33}},"3":{"start":{"line":8,"column":22},"end":{"line":8,"column":33}},"4":{"start":{"line":9,"column":24},"end":{"line":9,"column":54}},"5":{"start":{"line":10,"column":12},"end":{"line":10,"column":54}},"6":{"start":{"line":10,"column":41},"end":{"line":10,"column":54}},"7":{"start":{"line":13,"column":4},"end":{"line":13,"column":16}}},"fnMap":{"0":{"name":"checkIfComplete","decl":{"start":{"line":4,"column":16},"end":{"line":4,"column":31}},"loc":{"start":{"line":4,"column":55},"end":{"line":14,"column":1}},"line":4}},"branchMap":{"0":{"loc":{"start":{"line":9,"column":24},"end":{"line":9,"column":54}},"type":"cond-expr","locations":[{"start":{"line":9,"column":32},"end":{"line":9,"column":33}},{"start":{"line":9,"column":36},"end":{"line":9,"column":54}}],"line":9},"1":{"loc":{"start":{"line":10,"column":12},"end":{"line":10,"column":54}},"type":"if","locations":[{"start":{"line":10,"column":12},"end":{"line":10,"column":54}},{"start":{},"end":{}}],"line":10}},"s":{"0":0,"1":0,"2":0,"3":0,"4":0,"5":0,"6":0,"7":0},"f":{"0":0},"b":{"0":[0,0],"1":[0,0]},"_coverageSchema":"1a1c01bbd47fc00a2c39e90264f33305004495a9","hash":"0f51db0dc4773f321944f1594a509456b4343a0c"}
}
