TN:
SF:src\App.tsx
FN:11,App
FN:20,(anonymous_1)
FN:38,(anonymous_2)
FNF:3
FNH:1
FNDA:3,App
FNDA:0,(anonymous_1)
FNDA:0,(anonymous_2)
DA:12,3
DA:13,3
DA:20,0
DA:38,0
LF:4
LH:2
BRDA:18,0,0,3
BRDA:18,0,1,0
BRDA:29,1,0,0
BRDA:29,1,1,3
BRDA:37,2,0,0
BRDA:37,2,1,3
BRF:6
BRH:3
end_of_record
TN:
SF:src\components\game\Game.tsx
FN:7,Game
FN:14,(anonymous_1)
FNF:2
FNH:2
FNDA:1,Game
FNDA:5,(anonymous_1)
DA:8,1
DA:15,5
LF:2
LH:2
BRF:0
BRH:0
end_of_record
TN:
SF:src\components\game\board\Board.tsx
FN:10,Board
FN:14,(anonymous_1)
FN:21,(anonymous_2)
FN:28,(anonymous_3)
FN:32,(anonymous_4)
FNF:5
FNH:2
FNDA:2,Board
FNDA:0,(anonymous_1)
FNDA:0,(anonymous_2)
FNDA:200,(anonymous_3)
FNDA:0,(anonymous_4)
DA:12,2
DA:13,2
DA:14,2
DA:15,0
DA:16,0
DA:17,0
DA:19,0
DA:21,2
DA:22,0
DA:23,0
DA:26,2
DA:29,200
DA:32,0
LF:13
LH:6
BRDA:16,0,0,0
BRDA:16,0,1,0
BRDA:32,1,0,0
BRDA:32,1,1,0
BRF:4
BRH:0
end_of_record
TN:
SF:src\components\game\board\end-dialog\EndDialog.tsx
FN:6,EndDialog
FN:8,(anonymous_1)
FN:18,(anonymous_2)
FNF:3
FNH:1
FNDA:3,EndDialog
FNDA:0,(anonymous_1)
FNDA:0,(anonymous_2)
DA:7,3
DA:8,0
DA:18,0
LF:3
LH:1
BRF:0
BRH:0
end_of_record
TN:
SF:src\components\game\board\piece\Piece.tsx
FN:3,Piece
FNF:1
FNH:1
FNDA:201,Piece
DA:4,201
LF:1
LH:1
BRDA:6,0,0,201
BRDA:6,0,1,1
BRDA:7,1,0,0
BRDA:7,1,1,1
BRF:4
BRH:3
end_of_record
TN:
SF:src\components\game\ship-item\ShipItem.tsx
FN:7,ShipItem
FN:23,getHits
FNF:2
FNH:2
FNDA:6,ShipItem
FNDA:6,getHits
DA:8,6
DA:24,6
DA:25,6
DA:26,17
DA:31,6
LF:5
LH:5
BRF:0
BRH:0
end_of_record
TN:
SF:src\constants\constants.ts
FN:82,(anonymous_0)
FN:88,(anonymous_1)
FN:90,(anonymous_2)
FNF:3
FNH:3
FNDA:3,(anonymous_0)
FNDA:1377,(anonymous_1)
FNDA:4692,(anonymous_2)
DA:3,3
DA:28,3
DA:82,3
DA:83,3
DA:84,3
DA:85,300
DA:86,300
DA:87,300
DA:88,300
DA:89,1377
DA:90,4692
DA:93,300
DA:95,3
DA:97,3
LF:14
LH:14
BRDA:86,0,0,30
BRDA:86,0,1,270
BRDA:87,1,0,30
BRDA:87,1,1,270
BRDA:90,2,0,4692
BRDA:90,2,1,453
BRF:6
BRH:6
end_of_record
TN:
SF:src\mocks\style.cjs
FNF:0
FNH:0
DA:1,5
LF:1
LH:1
BRF:0
BRH:0
end_of_record
TN:
SF:src\utils\BattleshipUtil.ts
FN:4,checkIfComplete
FNF:1
FNH:0
FNDA:0,checkIfComplete
DA:5,0
DA:6,0
DA:7,0
DA:8,0
DA:9,0
DA:10,0
DA:13,0
LF:7
LH:0
BRDA:9,0,0,0
BRDA:9,0,1,0
BRDA:10,1,0,0
BRDA:10,1,1,0
BRF:4
BRH:0
end_of_record
